6552806424025
8346309444004
8082950360809
1011078514576
8265970003600
287502933249
2655042124900
17179869184
6916642262401
3823245017344
6815383775641
9926437890625
252914444836
5127779091600
6131066257801
2015993900449
5695725911184
8413312126041
9079940730436
8658306250000
5802510145600
10460353203
5754289416100
6157365811216
660868191844
31381059609
6434856000000
10460353203
2044511058496
7061365526329
1317325471504
4902296376769
9948826238976
3262824456241
2443891257025
2003829931489
6959545229025
1438301301264
4596513026704
4108246588161
2779769245696
8398079427136
8769801118225
9700527597489
10460353203
6417380895025
1473652751481
8562792750625
654311121025
3737447829504
9974063014276
4913958395025
6439454361664
7703805478329
722761823716
6459994889104
44254695424
466090213264
2366637638544
6001422048400
5161170656041
484172430625
31381059609
3570467226624
4960896472249
9891031290001
9705729621604
678223072849
5432936309956
4052189130025
4747561509943
51291378576
142195359744
8460128476900
7979975263225
2160538395129
9948826238976
1750699459600
423827040400
6716810405761
3005452173376
4332284239396
4713570997776
7158787199281
6688818375625
8589934592
4398046511104
2845385327929
219917854116
2397217407025
1101914177841
7947555977881
9870448542529
2352996466704
2556474814404
6005406051649
7633124621721
9841465426321
5218300609600
3435236126721
1961167773889
8407697557609
4490635668544
8946517691329
6273146390625
4189566266649
6408147970624
9168523593849
3370697714916
1099511627776
4010218517809
8414820490561
3150621450001
3984467108769
6354346933089
7893627393600
7305241358041
3729042931329
1874812700644
1571881540009
4481633958169
3358063580004
1703095470729
78364164096
2992367183716
8516515746249
8228544679936
180078863449
8505388960000
3366835991236
689482783201
4581693159121
1735210791076
9293821724929
3990142081156
7033491197329
4392541113921
5182520545225
7658779502500
4344881775844
5334635560489
8701184349729
4337993356225
6818031210496
2158583900944
9964199318544
5726343708484
5294670030225
9504734850625
2505816182529
5369239734244
3074790306064
2185634035321
4556995322944
6405444686404
8550986578849
31381059609
9948826238976
1310805169216
5257670147521
5285915988544
9381687206116
1130377228864
5420487301636
8356967468964
8372203362576
4572224252176
7493928150016
6160969336900
8275034676496
694062274816
7370855764624
9466550554176
6867465742225
8998452066564
1888027143025
7534278378496
9815356904809
3072774102489
5456139162244
8768871267984
3443136313761
1579742306884
7106516298025
7355128417156
2346126333849
7484683714225
8550986578849
5003529238449
2594025917604
1821549723904
9298767174544
1467296142400
5129527403716
9294114390625
5737787855424
3752286674724
9562418243856
8977058638276
676522700100
4997929716025
2827371627441
7372664020225
1876856160256
4194304
3819374479684
1293369405696
4789212734329
8152384036644
8911753385536
6409550460681
6477340583844
78364164096
4276173187881
229452496144
5498654496241
8766993949921
342966010689
3269648719089
4285765303681
9993716528656
4331472525961
3659018076736
549755813888
6379701001249
7424349754756
6503525140401
5097882106801
492886839481
7667067488809
7145009190225
3471096895744
69464927844
8663532918544
9602945695044
2435207065225
4120412814400
2541865828329
9094349987856
9020417566801
9750661986025
9561762684100
3792904261444
3570467226624
9500178759696
1535460504769
2315814368400
31381059609
1774647601281
3220775801104
4195614822400
2417555412801
4763664186724
4072977858244
9273565834009
8558597058064
8012987041284
34359738368
8021067958201
9506862222400
8603474516224
3117643519225
5322258228004
8738012856169
4799175252804
9154678948900
9668237765641
2210969746489
4747561509943
7848234160900
3044163031009
4672060635025
8589934592
9993716528656
2075867179369
4901840280100
6467169421969
8699609240100
9493103263744
7695797256900
1559306633284
4286125527616
1733498757376
2276770156609
3244703305636
5332201432336
2065860036100
6470664062500
1860539648256
3570467226624
2384303486161
6565278798400
6739922130496
597256934976
893344438561
5850791783281
1726898233225
966737299984
1573429044496
8933618855056
322283290000
1367805099024
4350615870969
2514511089841
149721789721
2225282260644
1355506004644
5228800235649
1002211221025
6607979218801
2227233881664
8572885346601
9294114390625
2643531299236
1141611045444
8715839107600
943915231809
9233424209025
2460333417025
7153832862225
6334760441025
3546784990681
1033731759076
5263817078601
2520184825081
9064844380944
3401818737604
824338700761
1271253995001
4325838418225
5050114584516
5446253705841
4194304
9462249709929
7787414872836
7562648500729
8827773918649
3565537157169
2633009249025
856072758564
6423239116921
2501635702336
7450563303184
9926437890625
7150800113604
2666205653904
6014800395081
5686264698921
4398046511104
3614797192644
2237968128256
4905963633481
1644854985361
4966622302464
2110470940516
10460353203
6628977102400
105800572900
9274528158921
8440646067841
4881651626916
892994760256
5902470250000
7491048572484
5002325881744
9248702804224
528462118116
4129662072649
3040357170244
9685390482496
1914988236561
6131115779881
5092523382244
9904087349776
6301370124009
2346356095524
2142941726641
9549064104336
853615231569
723667057352
9941818894225
7340685796900
2718036930609
4950932054761
1790795298436
3381630444241
9089983801600
3197562677929
2389683139600
1099511627776
67108864
1850606536900
255442300569
3908472939008
677343814081
8184777419025
3615907614916
8862832656601
8143198469641
8334901802529
5663776457161
6243271811716
679213332736
3741450724089
6998368666249
4231364192784
1881681601536
179381896225
1029510563904
6821091805284
5644934072649
8278878308416
2898904648689
1746207578088
6474582030400
788552880025
9993716528656
8520088128561
1840803124644
8550986578849
8695734015609
3142915571929
6289998792169
3602107918084
6418495575625
8864761890625
9816196552561
2541865828329
1289021893201
9076367315401
8870640203044
6011068255504
4367460483409
2049447064921
4520671158969
5540341486849
1576795047025
9312335798544
4553973072016
487284971364
6276287583504
874647671076
2931389136900
5831316995344
9676715790564
8085765228304
369567942241
845364396969
2192916722500
7420061592441
4120104278416
6720625901889
5604739009489
9926437890625
5176107311236
8087084688400
7791171465289
4009569716881
1951536356676
9709892244900
3540787363204
6834925268161
1099511627776
995708613904
2452506338304
323237731600
545120852329
561264678976
889869602241
292789210000
5457012800625
3168709727569
8903008731681
7731335958784
1814632608889
5676377725225
1264309092225
6076289090169
356472284809
9993716528656
4938955085376
3406722924361
9384713648704
8561054661184
2364918033241
4816870499169
1124594499961
31381059609
9427214922129
4751946570816
9878794733025
9022604175225
6834810236409
7058968824384
2596075002756
9904087349776
5586623868816
8739354937600
491091206841
4995180300100
8867727604129
5864921497600
3123073597284
9466956692964
34359738368
6055152761284
3570845150224
3674658963600
7789641926049
8870562765801
6187676150016
5696117315716
6408299857444
9858337760401
2882327898564
7557110960400
67108864
1283494131396
7374678884496
78364164096
7565932389376
7919136297216
6497028851329
7690959934564
4772809224976
4923792357444
7198810963600
7620619739209
1768203148644
5890246482289
3205127542369
5643978998436
428167379025
1863951250756
8593838825625
8181527753569
8158324013284
7816480865209
5383606467600
8589934592
6957218623716
4366925498961
8243548260964
678223072849
6185755945924
2165000303236
5915509281124
2016800459881
8149791686656
3467505791376
2015993900449
9904087349776
947238920644
942938102500
85757608336
5196457621476
67108864
6845753040721
2990298645504
1275350110596
1951013923369
9221407202329
6515414505961
134753599744
9866408695056
9294114390625
9676914879076
5226573268900
5842217716624
1350048791056
7347639686409
6218888812900
8501178199684
496810703104
3704955130276
6867727803225
4869661706361
4585718162041
4570039195225
5202632541184
934263364329
4664748998809
5994035785984
5345737047225
7807570405209
6934058227600
8417239957504
3250073417616
4230146519824
1844444809
835372236169
5931957384721
7131244452721
3087049000000
9212554377961
8312940269089
9948826238976
9808703653225
1942982300281
860914901025
1372285730916
2500272500625
149134220041
8198418170944
67108864
7798011570064
5746879480225
26437784409
2237677916769
2070965637225
1099511627776
7334276826969
9818884920100
4194304
6383894529769
3183184085904
9203499510529
9618706771216
4317572827129
7792215434116
9148985523441
7771115179584
6837241795344
7289843400841
7385284537744
6451889563249
6125298304356
8220686746276
3600498660004
1233972170649
7618179611025
624747968100
1054733108004
8198418170944
4274771272704
1387827719721
2501271934681
5237863895044
4136399386596
6815691833344
4522117081729
954544632064
7222586375169
2939822297281
3719378387761
6215901635241
4700250016036
2470269180681
3235454795169
9685390482496
7419091887601
6920340467716
4799210304100
4140256396644
3832142947396
5035257747844
2519403831169
4736168523076
1882787389609
7224833289025
98408944804
67108864
5360840991801
8916100448256
9685390482496
3268538568100
9014904165289
1187058188484
6131066257801
3570467226624
6002421600256
6247175319225
5722635193209
8706305916025
4301322525369
2794627697796
9685390482496
678223072849
6556329244089
999398090601
7429838447529
6350364720049
972992851216
6664369423936
4563410253796
1796752584900
389372256009
9746603022025
3081264154609
4754240098084
9991137087376
7883314060176
9058420497841
4602058948081
5853394745641
5195919655936
7363597824025
8515260920464
6402003127524
7247569321161
7103594876049
9800344000000
678223072849
5385592793344
3082651039504
2451087704025
4983444563769
380325057025
2085574999104
9352611705616
8042249404996
4801467000625
6160333928004
4382030488900
4181108890176
8432519054400
6875371700649
1833741180649
3055587904576
2532563508409
4397576761600
8622121959025
6006121646121
6776686684849
4430763983844
9890962100100
2348409132304
5565418864996
4806174905401
455546703364
5378489190649
8589934592
9948826238976
207021360016
6859962437409
4643473336384
4695238922500
2173174240561
948559123600
9045188580484
1349221633600
3268227614976
8281755862416
6556902816025
4546110529921
3075337424896
4045404119761
1953514973124
8137184130625
5522894807056
1653937463025
726832977025
5737189029049
8550986578849
9273736368961
4910895330916
3323420150625
8596371849849
7749180550225
3295575498384
2384738947600
5051031502500
1305642166609
2655068195844
7173376595856
545123805625
4180475033641
8731995450025
5469040605604
4669406696161
9971252437441
6121715124100
3798448979521
7966805437809
2316964976964
4398046511104
7816665388900
8059251009924
2288043466384
17179869184
3861299670361
2509505876164
4256653943556
332650944081
880481955600
118572101649
6131066257801
7927547048100
9854972183169
1863050284096
682375123600
8609699824441
5821434945225
9075282775441
2665676636100
8106570617616
549755813888
5207017408321
345296089161
4417739792964
2236837307236
3386663603521
9583779509824
2580826185025
3864228103696
6291282947049
7634395567681
6806948834169
2218211081956
2486853304576
4593181935241
7161077688361
6780045237904
2986250117929
6868304355025
7872160113169
4443259273216
5038054082721
31381059609
3131370906624
1427867264356
2390836490289
2540982650116
2541865828329
6892026821289
7123406198841
4289256386704
9025037388900
5615871467089
9219105544804
7779028606281
4233116962116
904296393025
142271541721
3409702585444
1517109524100
10460353203
2664229726647
7008260825344
6814934754849
8213073295716
2242626051600
1550876696964
6795249832900
1009685338561
3480302920249
5210061893136
3124925920516
6564797098596
3797310871561
1226336974801
4294365121225
5576332753476
6498135132736
9857194906689
4167485439364
4356170076736
1119744912400
6147107000896
3744975817636
7548921100900
1858352409796
6889291564516
4842244260100
3786491783881
6894226970596
1144377899536
2983368381049
31381059609
1958186019904
317313649636
450864781632
5537992650436
6545499439816
5025788297929
3570467226624
3434442900625
9121680524944
1904140568836
7324725454929
3323824874496
8209296544969
9295388759556
7273835970025
5704335140625
2541865828329
5690739067729
2302451168689
6952919911921
4152905985424
1342504582225
9666925652224
1745820477025
3994793695204
6890031762769
1639390869769
4051867055625
5605998554601
1120589499241
6027054460036
848268630225
752516345529
7551273169764
1500000315025
7897032947556
2437208056336
4419917569600
6148292180625
9533150256400
3434220517225
4194304
8055322476100
6499404668449
5748490555201
5273163617569
2015993900449
8082051981025
4117189995396
8559100252836
6557604451524
8747936051481
457968906756
6285485225569
8348112276100
9676218078244
6833973670969
5453429926564
9129963825889
1099511627776
945063956736
1121974548289
9749344291236
8144779456836
3696252334096
4709121342601
8140493454025
4398046511104
5277472425625
131494714884
4251254288449
1951667674441
4902818921361
3790435185216
6847647473601
6229671556761
9685091719744
969775891984
1081327537161
4614032880900
4388199608809
5064781757049
4458854560000
5096969976609
4832153582656
6194722766400
1828358300224
2541865828329
4169229013161
8006822914689
5356067805124
7611523692201
1396880518609
2288270366209
9685390482496
8916100448256
6186357843121
4014805675204
635736723561
8136915990784
6064329807396
9650572132369
7725225566041
1107082752400
8858677180609
6885570177369
9432576562500
6802462071409
1005319054336
6457311183376
572136421609
724832579641
6630254205184
5956079298064
3523267899369
4630733863396
7743703128001
1595121006361
6348701633569
1465191623401
7431266821225
9293974154404
5963637507136
8324292484225
6840421776400
142566656400
8302621556329
5005274139009
5274656342244
4620818852881
2290367452816
3283608557329
7422317218449
9117984160000
9926437890625
8685987840000
2164932619641
4360249310641
5458900472041
8471615644816
8987296485924
9227852156644
9510032139556
5214290044324
8650486851241
7886324227600
6015114320329
3664858441924
1837724563129
8589934592
3901399238416
1952659685376
706823569984
7918866146304
527199427225
3848875041025
2992311828900
7673398608100
1407257865841
7644019507524
6120126784321
2696052345156
304024315456
6810810721009
9813746636100
7427085671824
9418337482761
78364164096
5189561919721
3835698748036
3384275329600
8680035516100
421152975369
3322176963856
6158120181136
549755813888
1577561120100
4906065521296
7712395494400
9490392099904
7454931258384
5609342244025
9401809340169
4888472358121
3568562796096
4028498580544
8239598020900
669744187641
2986588830625
3433016065600
5535300809284
2407763579809
427866433225
9291962185984
549755813888
2039223984196
3539056412644
6600665318976
7173767635321
501272496036
1291273140964
8367429807801
3441555550449
549755813888
3800729606116
4950513750625
486128278441
9836208330529
2728132710436
2626548559569
3945467142400
8607651854400
2359200768961
3963376217329
5396486965156
1807863106624
171376956529
3645174466756
5636441026161
6527820601600
166570096900
3968868808804
1276825421089
8601069486564
6639717865225
6055841783044
2993678550625
6714312257601
4240901829025
4700093920900
7890936064561
9948826238976
1401813376324
5007180454929
4713076005444
6879069348804
2612438620416
5640772250961
2301376986841
424341502225
5062333501369
1813498542244
8192675421225
9488457551556
1069621350625
7263510108100
7172669537856
8891697791025
8550986578849
6131066257801
78364164096
9151822939204
8543864694121
1344590989225
10460353203
5639983768225
7668224952336
5910504909409
4501691514961
6554577956481
5650566376464
8067298409401
9729477262521
2604434358276
6861240643609
4952934819361
4168845150625
8550986578849
7341092208025
1259050061476
346700748969
5005198072900
9498859608484
2180099498256
1782809777961
219020256016
638327494116
4391958490000
220661304516
6842734003044
2381771803401
6443961942016
4730820752025
2511968236561
7134043347369
5915086089025
7741443699025
438383031025
8329440449929
682254524169
2727931206025
9854174826496
1838006544361
462047827081
6452052127921
8724207820329
8080528261129
9926437890625
7332532858225
1725274369009
9530519819716
8833521071376
224657040400
7899573541924
3143358794304
4012385572836
4673253856441
7522732417600
8665145970244
8538323605681
3625890047329
5739095800881
2109308903716
849425819449
5348798686009
917260161169
2652924288400
89150016400
7324644262464
6292105677649
5872683383044
357352884100
7154282213001
2881991755449
3701972250601
5258963457049
5994838846096
8959964622400
5713730096281
9294114390625
9982054794721
1876691765776
7634428724209
9148447129600
2208805302025
9148180963216
2818356009616
7644412111609
8017828306929
1760743224900
2276601163281
982293085449
1613682414864
4112784000000
6965920325809
6375821951521
6630511700484
4592457572004
9707112909376
2477088811129
8985096175225
2083392012816
2359348224289
8964880327881
8516515746249
6131066257801
861911705664
5806307098384
3296497771876
156468504721
3456866340225
278015761984
8147553689664
9685390482496
3761093937316
2687042208400
4093362518436
9247078891801
9243411928804
67108864
4803825048169
1738914305041
290244020049
6657751988644
8320640240704
2645508756004
9993716528656
9103085505424
9788582226241
4058967737344
6190173856036
3570467226624
3511868504004
2985196083984
2671116266025
7061934204900
9971252437441
8550986578849
634257738409
9440661824356
3776861862225
5345533585681
2489616933904
7508378180164
3908604126361
7050283526169
9261912268921
1393254451044
1595472134400
6111817339681
799845824281
1947023948164
7526062496689
4194304
2857333833225
9463301757504
3570467226624
7194052001929
8289026790489
5917216796089
5867469465796
9993716528656
552707494249
9526074836356
4922177085604
2189615670225
581086044100
1798884500625
4536418632769
9968000241796
2520667450921
9280394547876
9463234080169
4194304
1864276198225
8198418170944
2134313543041
67108864
9734194081089
6169401533584
9774508269241
6504407539876
6692522434081
9437011968784
34359738368
4961190481129
1975986867204
2875666416841
3291637318369
3570467226624
2476994379409
9006085028196
5597090077489
4319642640625
2647646411281
4599673749225
801225492544
2329924435281
5229806413129
1833050625604
8342519508964
1912387517881
9099887626404
8332777089025
3238218245025
1425948845161
4601767199929
6131066257801
1503774901225
3755909892289
7984162291876
544906759684
8656064210161
2675956147225
2110991055625
6301129142025
661443877264
1465656473449
925892346289
1310947141156
4530346228521
2086984729600
6128674579456
3094752974481
8286948234436
8984628568969
3545628744256
8503732525456
8350181150224
2508438278025
6637460810929
814027995225
7164166147216
8077486936464
9971252437441
5872504055625
8512564816900
7035671370256
5862577468176
6439703049649
9871328245689
9230404032964
6111580009921
2807615252836
5303633973444
9583977640000
2210538556944
4775120892025
4343918818849
41818614016
7127981549584
6131066257801
9998749926400
7239877252804
4747561509943
4498959155625
6639058229769
4393605864649
5455933610436
4362935047696
8138091274756
4011824726116
1876680806400
961001814249
5650804088164
2266379702500
7083757910089
6590536377616
7904875256721
609214592484
3697856100
8984670533136
123502342041
4977338690025
7540164516096
8531849590489
8020915022884
8520309967849
2803173335824
292552256161
5640553750225
6003264424336
6796266511225
438585658564
6615091408324
10676882241
4194304
6408917549056
8400571843876
1260547353081
4529226727204
5886562898176
7082448496369
3970594243225
2305350282244
8954631320041
3953897610481
690966587536
4068506838916
9731093080900
1788272331169
5249748660289
9076078098409
1202533753201
2588971104784
5742603555129
8198418170944
7094812904881
2636872584025
3494207718400
6865060255876
3464608931716
6580420344289
6731020325241
9621833240464
9299950374724
4187270023524
5732543198529
9948826238976
1244674922500
9395647213824
67108864
7351467626881
1323148679524
5274197019844
9113050801089
4967063573481
1948408389316
6008984450329
3074204662281
4370528917561
4736464500964
6272700575296
3950243700484
4853231030025
9993716528656
7978325615649
2208056318209
9926437890625
481543008489
8884047894544
3005441771641
829529316225
8322417219600
4605337460025
5317848154116
7396006593600
16035663424
2698972551025
6641810363241
8841387061809
5094116710225
7674927773956
1919424597489
2245637117025
8815424170084
9150794400784
5458835052225
2445511098969
9294114390625
4620242775625
17179869184
4515136263225
633203739081
3622969628100
7416466375761
6980750536321
8625675302500
3228084175969
5075607973921
1557022309249
8712544696804
229563640384
1740956219209
3842501652900
2236891149376
8916100448256
303453349956
360259246656
3497562011329
7162747621561
9520982900881
34359738368
5260876195600
5794842933504
449466998929
4398046511104
4006902975625
8198418170944
9685390482496
5364240462889
3253395016089
6141851932176
2432607941124
5705037344484
7381013107204
3810549955969
3899297912896
9922518900009
8550986578849
5228708769769
1465949463696
9926437890625
9043739012961
8430399355225
9025686301284
3570467226624
2182403471616
4537372872321
6016453499716
882314547856
3221576265625
7616170387081
768559055625
989947391521
9132846643600
8789416443025
8379907567249
9926437890625
369963196516
3724714722304
2922909961104
9923804142849
4493365499536
78364164096
9885666645904
9442001510656
8744215671844
8697692164225
2186967745600
560172911809
8554969812544
4013515397376
6131066257801
9612343742884
946300928400
564547860496
5195290545124
8557304032369
9778866985924
8005725054721
9948826238976
1614144840100
3549806432649
4274080738225
7103776114681
3222369649216
4506003880225
3735039390625
3425875231744
1164232368016
6482049804169
874653282441
473941372356
5896262081284
4896837894400
8198418170944
8991062220100
421517771536
2814157227025
2798095908001
9760338215716
9127915307536
3952808019889
5682974442201
549755813888
9477390060369
1375218253809
10460353203
9034142319225
4568068388416
6433446707776
9685390482496
404700817921
3784596723216
9949286754001
1472497306225
3221167047121
6373075005025
7864631316025
80487959616
1549452352900
3396125608164
9800925593449
5347906002916
8344408591561
4206268744561
514582414336
7308258017641
4233075813136
637771543236
445841985796
4624108339876
4831766704384
211615640289
9352006191025
6065571014244
5580640826244
7248172371049
8913705849889
6532757717476
5557381908100
9876852420516
2583885857809
4168163225664
3556754596096
7044581230569
4131157875625
9497337150625
1891571118336
1041940770025
6435481080625
34359738368
3246364322289
9895491404100
4028791624225
1928290499641
8195228778361
8903056472401
6171975047716
9993716528656
457943191225
3479351551204
8685186220096
1843083190404
3962448548100
6370782969681
6177735105025
2066133134025
3570467226624
5378697916804
8550986578849
1497091732249
1445253582969
863423790436
8124078976729
4290229836369
8062618275625
662677402500
4229944962489
4673374916401
8623784010384
5796990397636
4815448414569
326154067801
8617682776921
847474901056
2533457955856
8916303496324
6138754477801
7672035784336
8523112396969
1058661961569
67108864
5728578968025
6777405189025
5295341947921
5405680800144
8690538912784
7394238985225
2782103905296
2015993900449
348614670096
1469967106084
9294114390625
3805409956516
3707311491844
5565725554041
7542976616704
3178261741824
1613171791449
5070085339225
5499681619600
2925779461081
3497763993361
8597990366289
662187435001
8015761388944
7312070279056
7450541466624
6524729466025
1461250627684
8101981574404
2315765671696
9285385179249
8319469153801
6020663319616
2658980287044
5559890475364
1002105106704
2260626517444
9526272369156
1114021142784
5786107917489
4747561509943
3385452801600
7848189337444
3145905268900
4780170049600
8798164468900
9712216972249
7860812193796
8896785631504
6935754150724
1426094532864
7958520577225
1852862717601
5533574046025
7430001994809
5235204835249
4153859762404
2941650335376
3497857505536
4311358057161
7751262923881
6269204730244
166839571600
831607205625
2350242302500
422780846656
3374763724809
9294114390625
7752694021956
3187367502400
2853281775556
8056792725601
4480283422224
864520601616
9971252437441
5147725699600
7014970719241
4805767146436
513095718249
7157165882944
4797089931076
8621517082564
5902922145649
1850312708644
1420482585600
9934007134276
8044404822756
4508717143876
2522445944841
9993716528656
491816079616
9904087349776
9710795926225
9904087349776
434406219025
2489231952900
5308904459236
7776925773796
9000036000036
862777184164
7376672296009
7515750971169
9525371142400
9294114390625
9036468869184
4498602822081
5564918744064
6178858604361
3303793357956
6131066257801
7320639326224
1261836589225
984290188996
8753686747569
844046438400
4767488209
4398046511104
4412730422500
7540801586704
7089779576896
4013287015761
4144554929124
73721481289
1522168672644
8562143140996
615106098369
9612815006116
9685390482496
1856054741641
900329606449
3007543287529
2415363572736
1490413680625
5281953062500
7645988159044
3784989705025
2584310241241
6528403145476
6312143710404
7528037850529
2145606814521
9006151050625
5639632293681
17179869184
9926437890625
9948826238976
2541865828329
8350267840489
9707181453225
2821835548224
4070709760000
9477248448196
8783102776900
2294682662041
1806809118976
9872874104769
4298191411264
256437921609
8102431311529
7064868312324
8291007706921
6425200900804
1466668745721
1530772715536
4464299926321
6005817758329
5847584839684
7669022490000
528156841536
315421517376
9883396701369
5605008900100
8311210428889
6290605739664
252173704561
2487815352961
9926437890625
3006319047876
7394559858436
67108864
2005832043076
3242088336400
4546694760804
8885931741184
2496346280289
9904087349776
8433837467449
9817700489041
10460353203
805070124049
9915854613025
9926437890625
6131066257801
9363281762704
8073957443841
8550986578849
3690663632100
1294393145796
5442469068100
10460353203
4305268107396
4433008131841
7611943050625
6471986880100
9065241809316
3518644398025
8394324111616
7911675072900
9904087349776
4311241780609
9262393122724
9903646764036
3064467315844
6689335640625
618502029601
8492888033536
831674689444
7935748166116
5561743972225
3126156392836
9448098898176
1609602227401
8550986578849
3557988105169
255260384289
4628401482384
611580305296
34359738368
302638615876
9178312562329
1544862555625
7765992283009
348810722404
7383605163841
8925837412996
586279644721
1163807282401
6783831767241
3873614422500
6520168185444
5856254800900
1327336714201
9291456179721
4827903168001
3737389832289
7088948850064
2621918746756
440452559556
8045840037361
8589934592
9149856666129
5012265738481
5192769925225
6052461030625
1397804914944
8728851618369
6374418107121
9552241048900
834456672196
223736568064
5112111956004
5848353845569
6504953331361
8294814725184
6896306670724
8974571986081
2261101660416
2993138744761
678223072849
456302952004
5420040297604
6953167776996
6723529722529
8550986578849
8513679388041
7352064137961
2858365048900
3822893069284
7619316816721
2888602768921
9477168407001
8353597087081
4109714181049
34359738368
9337467498529
4817792332809
8431090405956
7484021661636
6608904666841
8916100448256
310122016996
5444844229561
9808960469476
7366979351524
7704083038129
822774170761
2073847687396
17179869184
162087565201
882500542225
9971252437441
4694424222244
8675822975625
2559558419044
159200202001
8658788826724
5504907832516
11769863121
1850899708952
3376545901444
7491316798729
678223072849
8883189499024
2313361908676
3208777185636
4747561509943
5169757164100
7483293984721
4352013477904
6780618097444
198778655716
9935280512784
8645528747584
9898700288400
3751643591056
9453773940601
9473868541225
5243463399321
490492923904
1364931899809
4291311116304
4332883707364
2424130669444
2503720759225
4747561509943
5199389567089
8591112723600
8457318973609
1728570192001
7206293278116
8692791309316
2802085167249
9685390482496
50732607121
5090366241856
6766532777536
7008493790736
7238117640625
5928811057225
7048106399929
1539066029281
9047083418569
6422940059904
3348486432769
8132010382224
9285287669329
5216966628624
7091920520356
8589934592
5448849112729
1541476199844
78364164096
4194304
9904087349776
1084840984249
8234173725625
6069531904164
1107154301796
5704564426929
678223072849
7826353143844
2724216270400
8915127044041
8698464867856
5599404085636
8971552515025
4955049288036
5846477366601
1594219365376
8978239169641
1991296343689
9001362051529
8530792245504
8338147132225
8477152518025
8829158532100
8343010534329
5661258835600
76210227844
4047085757169
6537354080625
9898807260169
6771486475264
861861573225
8066611071684
9971252437441
6343854727401
4390646679769
9607947909561
4799477574441
2114235229681
9267981680896
3337443035689
9815939641600
3407856297444
9000894022201
7627793327716
7848419059009
9788663571856
7855401957001
5510089580164
791847260164
678223072849
9838152915889
6275671306641
1394288640000
502556223744
1358315659024
8708684298304
9083876518809
2288315747524
8258002258276
2027818720225
401670750625
2730938028025
1384408738881
2442912732324
6465430083841
8966832614089
8916100448256
2977263975625
720490299489
3440138367121
5176353025600
8198418170944
6534654352209
1542251031876
6680493162225
6340193064676
5619222840100
613688924689
5787190412964
172039130176
4853940423556
6241258059001
549755813888
5403435071841
4160494393441
3553775441316
5589129569956
6752664790921
34359738368
9099501505444
3877614735556
6350289120484
5496187916025
3253257935041
2749992056100
8006087227009
3393111361600
8383491721476
9146747360881
5588604744529
10460353203
6712576266496
8475516303076
314808522084
4869396902241
5755277768256
9338677605625
1232803840489
2220335426241
1392046022500
7037581288336
3943739233225
16487073604
357503543056
9038386844881
9993716528656
2576827562500
9823341276841
3760194130884
816682727025
4398046511104
502879539600
3574731364416
2994844835844
1430949465729
10466722249
8047615796224
4811872185604
2629323867361
1469688262249
3209393424484
2514019540356
1114382143449
1430475800625
8176214110464
2262948576100
1319906872384
3638621105289
5491964128036
4829639150736
2764040591304
135907246336
4377652336656
6605244384489
1480928360356
5247934160569
9932065704324
3263351925625
9871409934400
935568693504
9926437890625
549755813888
5349316753881
845667838404
1541056580449
7748640515044
6520969997161
9685390482496
7981500774025
3572462889216
2541865828329
4719882255841
9984007423504
1009253307456
5324611630144
9670644574756
4679823624100
7399210582201
5365041857536
2845307734416
6614340410896
2563591658884
10460353203
7376818960900
282750618049
7207979213824
9902570517225
1500429006400
4027651623801
4747561509943
4398046511104
9439377535449
9685390482496
5265859204516
2759422644801
8153851695025
1461806738704
5071202236489
17179869184
3361861597444
4194304
4400005469161
6382009797696
7106926837924
8201533724224
2938029108624
4726915177609
9993716528656
8026534936996
3834504159721
6620997996900
8959270185616
4541744912769
1711039276489
9993716528656
2494349581201
637722030625
4747561509943
4194304
7918173905625
5123866851216
78364164096
2563905488400
865433902369
8519714511025
10460353203
7241900802084
7555709025225
565852981824
4865681577241
7147238658624
1245987272644
4294501893124
5872998424329
7262189574025
6131066257801
4271567167729
3994593827904
9290834359569
1443313904400
1989166102884
5492160983296
2751624075204
6754302001216
4737992416249
8941876148209
6298890238081
6131066257801
6909853395600
2881112443456
7645800130816
2662839776041
8127761951929
6958468927881
5024667446929
5923820532100
7828960688784
6647424627600
6646847109904
1908625140900
4951185715876
5883554764816
22018701769
6079296778129
78364164096
2363641807396
2859819210000
1934252319076
4691339402500
6829765477924
5155011316225
3954319171209
2480023386481
7696715382784
2541865828329
9501701445289
8670298144369
1868462084889
7632793088001
135449761225
3830819733504
5073945461764
6963165165961
8227993928704
14000568976
8054839991025
7618345218225
446155866601
8403139999489
549755813888
4448214228241
5338766072929
4194304
6135187178761
78364164096
4203926921104
655204445809
7928802850969
817727744089
4891462072225
1649783544721
5764066317409
1197107327376
6266706148921
260420378596
6448405075641
4050945188416
3727807147009
3725907528121
8550986578849
678223072849
8931305583841
1469203379449
6126090308836
8585415687744
8651463347569
8608537908961
2430487236004
200007517284
1801071361600
8455545096964
8929673921536
6401780470276
7570394559225
931609109601
8550986578849
8755533050625
4541352792025
2764604544100
1272731447716
4772721838336
1926219221689
3948749225316
678223072849
8537160672964
79643048521
2015993900449
3696863734729
6293184338884
4710354012225
4527137077849
1850016183409
6860334362176
3675111375364
1665034091044
8427954772836
2541865828329
5506738062736
8198418170944
2045183149801
2661436594881
3677649998400
7147677108196
3631768718400
4793192120896
3755064964401
9368765992336
5318793675001
2405371457476
1578349992976
7734155671225
460457244900
3570467226624
9904087349776
9685390482496
6256571726596
9623868199696
1932594871684
2374942977225
7210637379169
2032492179025
6168229222464
1128721382569
7478934135696
3930199195729
9633288892516
6450487527961
34359738368
4188109041169
3609734004900
1750860886401
8368986126400
1980268128400
4630957665156
4899042170884
2260794916836
6195544137225
3171416037409
7549393683456
2519467322089
4583722567369
3264851472100
5599404085636
9664979411025
34359738368
2220058280196
8092841523264
5196170399121
7092373248801
7377443661025
6725417542281
2971062400329
329018107201
9926003109136
3596628804484
2516363553025
6744554432784
8846371261225
4146301845009
6599920278961
4225129582144
8799018746596
1408221289225
878349463209
9811942289604
3292457427169
8694766818721
6865935405849
9289798038889
8102027116836
7317003360016
8468024340169
4287578998609
3774071633809
483663220681
9993716528656
6099314363041
1658740502241
115455205369
5397518441536
9614284677481
9689916056769
4923987628036
8576686245604
7520883910929
397201197121
9948826238976
1393327634449
2015993900449
4505290669489
8237657697424
17922783376
5262660814401
9853798133776
8692042443529
9971252437441
4747561509943
1534310800929
4159809072721
3174340862224
2015993900449
7008218468416
5840772399361
4398046511104
9090737557225
3706125516900
3553387111849
3419403800569
8011718928004
3281974270884
4742899952400
5116644000000
3063133532761
3544932074401
9294114390625
2493594708544
6137416619161
9698185584481
7094610472041
9456221559409
7700763750625
4757550554761
5733975063184
5494823562816
9535361091844
3895298269801
2541865828329
9623744110656
8309227100329
5364745380864
7024270311556
5525489604496
8606542883481
7035862350400
6378337138369
1959353253361
365766105796
2599833760000
8274689483776
1882781901025
8417669347684
2305587149056
4602273474681
2944947727225
1327004929849
3548065744161
5027389089856
5380604469769
5748385061241
17179869184
2117251986084
3010901688025
2015993900449
549755813888
3902520950784
2274799963536
6870867682756
78364164096
2551939155441
9347731448836
3613641317764
7656394146361
1700327329156
7417789967844
7978212632329
608957047449
9332597304900
2685449122756
1001816824464
8366643025225
9502268630625
7372343622436
5552328770244
4474976391396
5920588767076
7377916277824
4872080583841
1225079289889
5519290366489
9535669888144
7213231576516
9199349839849
3133080542601
6587476625664
9901702009809
1484532675396
7378856124025
219594394881
5425368294564
2791428953049
1414486819684
171124523584
1030659465796
6160875016321
2936250175401
4075468650841
2830203947041
9948826238976
470906123076
8417640334489
6046272812889
7232307597025
258434973225
3627657338881
6325310510289
540401414400
826991990881
9241539200100
6138293643364
9601786755625
2842997282161
682885724161
8916100448256
8716181573124
5198678163721
5398629015025
6740005207104
9692051598436
3994425943236
2614258895689
4318304270809
1907608470244
2961789370225
7946101367689
7244252995225
2006696063241
678223072849
2866990581961
7825060723561
4285852252900
8729708433664
1842925711936
2881407795841
6131066257801
1697446785321
1390545657796
6764249067489
1295248848100
4720155998464
8526388320004
5508775138084
7062991901641
288357186121
1001016258064
1446179415184
6149343565369
9938079710784
3965184090729
6052515154596
6577998987121
2015993900449
6207801470116
1708907791504
1485278438400
6343879914436
2541865828329
1298353139209
6562112202244
982035414529
8111844496900
3554521998336
9067373619264
4797348381225
516019539025
6921092855209
9332798931369
938445562756
9685440276736
3600183682225
8952315329764
7354021948900
1178416631401
4956620964409
17179869184
2649853298569
1466913390244
5047755251841
9096575698809
3026385601801
3805507494441
2285645067225
6470699675049
4720577490721
8821345505625
5639162094864
5494748551744
1598358404644
318984355369
6030339705625
619946792689
6179703781801
5270872122244
594866668176
1105137075025
8055691445025
3679449039721
5378781408400
8550986578849
6065467575489
6937898052121
1745112334729
4678222926400
2699445714001
7962944653161
696403602064
3524720875776
9446555925625
3763491360784
4891112635396
6763619684416
5272001735056
2015993900449
2294519064289
8539457395225
1201702673284
6117351395584
3848412057169
9926437890625
9120037603600
6966495705744
3074772771009
9904087349776
3137138812809
7489816983009
2642653389376
2139979859689
1786023762084
8201121337600
17179869184
3699667596304
1190106446400
1046635394704
3851092256400
5231448519696
9685390482496
4863418659856
31381059609
7759143954576
2770377158025
8909986201600
1418114195716
2512526159025
8642794458769
3159772880625
1346936651776
9598694526976
9591737284809
9993716528656
1994718399025
4010146426225
2335438029796
4698819240976
537887294464
4723345902276
7368168226969
6898313143296
7630025062500
6844915805841
3358752636100
5521334461504
7029906051609
5397555613696
6668293948416
304018801641
2877464223481
7155138158281
694328893696
3457680746256
8550986578849
3201505025625
682756816681
3781126918144
9135379305441
7893762253056
8728083474889
1387368313956
8094127420324
4792535342596
3681689825529
7552108572100
8381916683716
3733420026436
1557351747721
7781243302144
9528142859361
8161151973529
4648146273936
4512081195556
5173341152004
4103120179456
2706423104641
2069244849169
9505524108609
678223072849
5094003860100
4693891238521
5503443867364
9085908032656
8903814373476
4502909464036
9926437890625
1568896533136
4377154387225
3139441791409
9993716528656
6171562653169
9524383545600
7238612678089
5749420862025
8198418170944
5842256389776
4976656028964
8454463414336
9129655627024
9060316721296
5907670524900
6894337249849
31381059609
6393302136004
9231862406404
4398046511104
5719468354681
4351637979364
6893901389376
6193533119761
2443269105216
9233715922209
5484739170304
9251190646929
6717437607204
9018711715689
9261723582864
6714856420416
2700513768976
2541865828329
2183038755121
1449538945024
7495050568681
4639379982084
7537512175209
4314693369856
1910485133209
9971252437441
2479201404304
8908302763684
8306408183056
1973434944100
239429169225
9640751761936
9656108775184
1029263004676
7655990166916
100238726025
4177666196356
9685390482496
4747561509943
4267141278436
376773764761
9579291171849
1237355893225
7436878060096
2325158373409
34359738368
3423129028900
4782697815844
9475068985600
7690294367044
7846116392464
8252169730281
4097442317796
2769461788900
3748231521225
5903898882436
2476654440121
1473560493409
4371561725584
6092307427600
3626571774736
7876139150916
6631299667161
3474376705024
4431003950025
31381059609
4369270478400
9574191219961
6808785703225
4313646532624
2113595500041
9504105934129
9035038035556
8909460856384
5204443755625
1099511627776
6163630467556
2184679100356
4555112701441
7787866955625
1288263590289
208547488900
7699115473984
9993716528656
1233743347600
6151873208209
3029897235600
1957875376081
9754934177521
3723811559524
4398046511104
3518584372521
6813446826564
9472643550756
5813215145721
645745637889
4356224342649
3414283537284
9657109392921
8136915990784
8699851101601
2558496220900
2348262019216
549755813888
7591253779729
2109387331129
9049062683556
9944089230625
5153004420529
361921356801
4752522080784
9926437890625
261023919025
9769019044849
9098463845956
6474856841476
9993716528656
2586085313161
5905293666561
2149393498561
8689283122081
5340804196324
1448826283584
1707903969424
8399116923129
7614790579081
6782243067076
3902406653401
4254830300176
2002666504336
6542826831025
3474950830884
8964658762816
4575842930884
5675115062500
5833050959241
6190696348321
1916480296900
3192561327076
8724331875204
779851480464
9926437890625
9566778906441
2630520684544
2822305920784
4954577388544
4048707379600
9993716528656
1621364195584
3116856073444
1534194367876
3836529194436
1247320417225
2961847884004
3776869635889
9462329688100
3527654022025
3534994104964
8986025428900
4076086420624
6258252722500
4705298488900
6890131508836
488030782464
6271608645124
678223072849
7259667418129
4784705635609
1736185710736
6362880125625
9757964003076
9294114390625
9948826238976
1926271961604
1145685514689
4522274446096
2302126460176
179987214001
7078771075216
102157583641
4747561509943
3562369355776
5729182132041
3962886490000
9685390482496
992591771521
4710540662884
3164435400996
7405752743488
8133168200641
9217247424064
9335829700681
1697509323225
1961643944569
3911431774756
34359738368
906172628761
6219856433296
9292773044025
4416066885136
433202228761
6078419048025
4906078811089
5170575732100
1647079624996
4183272543025
7214526164169
156240744529
2417822854225
3516802598596
7475860576804
2132993067529
31381059609
1863831109284
4923867802441
5577844168516
69883037316
8077367569041
5192373427684
5808692875129
5438419889764
9055982787856
7495559791204
6747068590144
4605843931129
1099511627776
5435612473600
8687538136369
4915860546276
9405802004544
2609950105156
5546307603600
5074513118224
9070897074849
3057976171849
1817923676416
3901889102400
1197492490000
7386572730625
6239174691556
3570467226624
520911514564
934708040809
3366469022436
136699533441
2781219954601
5323799416896
9453921526729
9856460250000
7542125241849
9525790886544
5171421653776
203674397809
9685390482496
8916100448256
2357250491556
6800949426769
4629808586601
7319470524304
379367301184
1362918488481
5035558440025
3296802804100
7646104295281
4858700428516
2617380380224
7498292366601
9871435069456
3914189221761
3089031214096
397545382144
7974721842025
7932784910400
5323947087424
9021066313081
9216537015625
4557072172900
3160126225
7738745059600
2934756150769
5273898471009
1383679337401
772076785041
5357289834724
3511523696836
4188690263641
1757241872100
9024827098225
7545173935104
2182616207424
450671885041
1825538765625
5440672875625
5783933610361
9658147355536
9946883361424
3497629338025
8528601822129
6131066257801
8178027075625
6562885846969
4194304
1653888593296
7886301761536
6131066257801
28377760849
4944321357889
4398046511104
4701368773696
4096717681225
1129322788416
4889219700964
9668896965225
1409370234561
3057832779556
2354389497604
7612384493025
4520798731089
7962944653161
4079192129401
992673468900
3666891797569
3403648630404
3545090231281
5013232950625
7411407312100
688241137609
549755813888
861143168484
9361641702400
4624215859201
3007824238864
2655925349401
1114002144369
9926437890625
8978203213225
1184092185600
4806271367041
5471281211929
8452183965696
1039796247616
9731517333444
7784585467569
8038024489881
1661639590116
3637381324864
4080804010000
8239879329361
6181284915961
544911188761
9294114390625
1215056471616
9181275723844
264662918116
865603222884
5527351465024
8534396834161
8001673810729
4244531171076
3742228346256
9524655129616
3335448395041
9847878725689
8758894768849
4194304
6386724676809
3672037057536
5804721671401
8589934592
2383911296064
3160686620224
7661835072004
3318139123776
7763356238400
4022960855824
9948826238976
78364164096
9453042176400
4398046511104
5231192352400
1236806445924
5138713198129
4076086420624
10460353203
4298987560000
71166766441
3330913356241
8550986578849
7520796153649
7030478765025
4009637798464
1749754865089
413766703009
9507700903936
3485569513024
490484519716
1660788928656
9610390603969
31381059609
7872816669316
4867318440000
5833809347584
1793113821184
8916727515921
4942209179664
9647664632761
3810651463921
7181713936384
9927257070025
314277966025
2381947742736
17179869184
8370698822656
8490550961025
849449782336
2840643947241
6456101664996
6371302932736
6769763923129
299397197584
2736562913536
2798507419876
4477070896281
5083771297284
7808889324721
7576801254801
10460353203
2361090389056
2167219733904
2358300776976
2070179971344
7348398688849
6548527062081
6287425860676
4450331995561
6203696081284
9964723323025
8396978244516
5021834493025
371747503521
10460353203
2746527280225
8947074039556
5670546826681
7599516185284
5978626485129
2954342192400
3490742932609
7419876363025
6215931553329
3765381130681
4146481036681
6395820768016
405078785764
7511129534736
4687818228769
5046681376324
1099511627776
7916986473796
8838039277456
5201866177600
8198418170944
1627895292100
6350788085929
3983305455684
5009387043556
8602078384900
2417449684225
5519163504100
918977228689
5474551730176
7070685173776
5672780697600
9827635628836
5520338211600
8349753484836
4600604589604
4079854618225
8722819647364
9287152635289
2728512616041
5283047086144
3342479780025
8519732024164
1828066243600
6458083708176
1683275302921
8642094785536
8198418170944
8653704791524
9114282506169
1299408487056
5944004909089
3214927892484
6294258074896
3668619252496
7687915198681
2260238621281
9551486940304
1590443832384
935061924196
3742545608356
8711682821136
1321589356816
7037751071376
6701543722756
4095066235129
7397279402436
335188892025
3825462662641
304792326400
8038880725264
8550986578849
1450340898601
8331403097889
6272400034576
8625969000000
7857672347716
6715203659641
2353610085904
228702976441
834750840609
5307577377124
9953545445776
7139530560100
4141404081936
4947056743204
8643182525041
2487197097225
3483848381049
65924670564
6837126744100
69726099249
2299611503809
34359738368
9656208213136
2320378911841
4443077995321
7255292409225
4090874353281
7185600276409
5798916712836
992161421329
34359738368
1999554371136
8661631594225
928654086889
4897338018049
4307364025561
2352097659025
1510622897476
8286643094409
9356232969616
3331322186481
8609981512729
2263363784704
3975940288576
3836278484164
2461657447089
6090594575569
2559840002500
2764910491204
8008554743721
7770563230329
17179869184
7190587051729
1512144874249
8589934592
6659677003225
1177025368464
2803230261225
2700710971456
8671051962225
3442921071121
6600146355625
1058744276209
5346402948441
2033575821225
3403095183504
6774520989681
2695503956401
9715277560356
4421687933961
801105552025
6385627920400
9971252437441
4637497645225
6526461433636
4272431124196
734059973529
5762563485156
4041675993664
9354520122256
3660215622561
9274936248484
701379450256
5527351465024
4635714731041
6538433105296
3595582024804
5915134731025
4310253493225
9308466756484
7048499319801
8850137106724
8159375157444
6815775375616
7674323846049
584191176976
6637450505625
8921918093764
2732085021604
9235940386761
2135763030625
2173233207721
9067192947684
8185641435136
5609451191184
8589934592
9100104823044
2792946206521
7985117382025
549755813888
666940371553
4274072468689
5484509661409
34359738368
4547615960196
9464803026064
6103666713600
5528672823969
7614525670249
7154266164516
1468168422400
3412535763025
1192892102416
6801914370304
3066964125625
5610573882225
6030830850625
3307909762756
5268728027641
6006131449081
9313019372176
8553121383184
9120563080729
130127575824
3116919630400
549755813888
188283962889
4033176508729
34359738368
4845862574224
4194304
6159251822656
5999868988369
6229436941456
209265991936
10460353203
2437742000929
4786481966809
678223072849
4302699747025
6602849299201
642366984484
7203571498809
4293420211249
7271403474916
8838336568356
9993716528656
940426699536
6184786007929
9246580190761
3276331684096
7280790510436
426877982881
8666947585024
8916100448256
3817807274241
8196396814225
8068934504569
4609578942049
4991403881025
7540603872256
17179869184
508649960809
7846228436544
926412025009
8926990669249
4770279705409
9061713431824
9335683039225
6131066257801
177188799844
8820442625929
7474378712761
524283157476
3599747290000
8740850859049
6119899188649
9993716528656
8154291447184
8501399792656
8045238706569
1498112352676
9218704757824
7831546280100
5233475207041
7880444827369
1010994052324
736599928516
2890142801764
9926437890625
2362196859136
3582529061049
4129442602609
2530027447236
8421876790209
1238499668641
5152019277636
2546858508544
1426815916036
885720030129
6772709568249
1615529971225
6532629921801
1593507324964
8931257767441
3398879396025
8665452113796
4016961943696
3709410516289
5309973618244
3811553382400
2915091828496
2470332049441
7351901450721
3058360899489
6679909040704
5307540516100
5935903649641
8550986578849
4014048313081
6207970896400
2288261290000
8761416480961
2388270432409
5802384886596
975750815601
4043023068529
6650106288400
678223072849
3501123734641
6131066257801
3400376568121
4302060887881
4806920315961
9446611249156
1315207580625
6171925360896
1746206316481
7251597308641
8753450056129
9949753588329
2912712248889
7017810283225
5128807207969
1865835793936
5953780561369
962661209409
3182277803236
3649536461376
3956439246400
5797539364864
4882685702400
9293370541009
8486856594841
5862170700864
8242554870225
3563460370369
2917872079684
5655868534849
78364164096
4747561509943
8621587552516
3039638823936
19719180625
1141318305625
8042998096324
5965093061316
4841993405209
7869500499169
3719802685041
9990403777600
5644606202244
5227945060900
7634854239376
2238644364100
8008826420169
4217478322500
4762712628496
9966680570025
7083970834329
1078999485001
874254920256
3045052920064
1846639105921
6168740853025
7645357720576
5007180454929
4236504208729
7114185221049
7912434539025
2770560250000
8757042192900
1208354959504
6512076223129
3169389757284
78364164096
9358875955984
5839863729561
6131066257801
4478882297569
941340431529
5135209210000
5873948446129
2082970562500
7900928317881
6352275018384
5915664941796
9420461302729
678223072849
7039528610521
8487002256516
546376723929
6990233649025
2228819083929
6880139492004
8589934592
9993716528656
5058266385481
6024913884900
703187904969
9465664463424
9468144391225
3103410722500
4475750666409
8246075073604
8422602317584
2472067542961
4992874056676
2883815312400
3839659845025
1569575491929
3498351270544
5114771235396
408028390441
7105641940881
6517497537721
1235007693481
4071020476329
1628369957776
1487450991321
9573739469316
5825508404881
617678105625
6259198381921
1321994048400
7994682735169
5939276065969
6134483750521
8351088530625
5729531598736
9456652077889
2780396172304
9993716528656
6893533806916
1397769446529
8453137575184
5346957897801
7857330366649
9858802456129
8211239256676
5393904060484
8550986578849
7696185640000
3174832621636
9818164226025
3364040193424
1960994126025
7440281825344
867474292689
3771453332529
1127351285824
2353686793929
8473775450625
9948826238976
4151707805476
3334308868081
4311254238736
7206615416196
7950076489744
5273687195401
4133353294225
6737668872804
5406699203361
9388947811321
8487043042009
4910301446400
4086126687889
6257982547216
436895882361
2714279315049
2931433652449
678223072849
5128521861376
1099511627776
2070649050625
9459333813609
2884015701121
7335706819401
5197930330609
3140253349776
92423296144
4939715167209
3021812048896
1130400619209
9904087349776
1862853738496
6649975010125
5643313820356
5645689636356
6425930943364
2356826758416
7624645148176
9970854567556
9987748915600
7973332516681
5459942569104
4235623311969
8259169011129
8450149003396
1099511627776
9814022314756
9658060338564
1289982579076
7747905652036
8252882165089
4624658852004
4190262222169
67108864
5785309341289
4566991250704
7926831904369
6954681431929
2403464196721
3966848973025
8349152460100
215354467969
8232985785124
4398046511104
9104117393809
480140898084
5984711498689
598560626889
9485839448281
2651435792329
8198418170944
1031743999504
1618569172900
6280717650496
1424268004329
5334533934921
1459051399744
4194304
1253098897561
9993716528656
4172010502500
3731534431524
2062311405625
7220726753881
2339165301489
2077403342400
4267145409849
4387298889744
4324732000801
630131140864
3983221631601
7139450400625
9388212432361
5180025785089
113932576521
3532290954721
9719772699025
8458243789636
5009910788089
5785872187456
9895409615809
10460353203
6039527427025
6665004498889
6761903333956
230713066276
3546461072025
4118496830464
6968475405369
6592220571024
4747561509943
8211869684496
2398697805529
1202832047169
78364164096
64330205956
5539673029801
9532081983649
1576212453729
6131066257801
389685565504
1687686792100
3561470998596
977816411716
6846815356164
3570467226624
8610374710336
198034790121
34359738368
2326140478561
8836428047769
1179999893284
9293419317121
9128718976129
3271160563225
6312666300004
3904247990889
9149046018121
4602475134244
5030268466276
8055691445025
3866709296025
9682676890000
8673560998281
9247960774116
4392914181184
2951063593956
7935934092241
4812003802384
7922220846736
755380003876
6647734022400
3006606877849
2015993900449
9582479331364
7575645207321
7514977891716
3367496585476
6725111531524
2125113781729
1295110004841
2814643736100
5158744636369
4039078984516
2401027725625
369608066116
625805984241
3161604048100
8961108107121
9993716528656
9403980361281
2776942285056
9556747777201
3204121480036
6217886357761
9294114390625
1908478701529
5377631136784
5258087474704
7481280747249
8293610898769
3307171384969
1241408214225
3972674826649
34359738368
8725359792384
47204514756
6161426057284
9229729574209
3406287345769
9528593532964
1168621536784
2775552668001
8655181596961
7702600926736
1371955403025
156587986944
5855877291664
9971252437441
3755150228041
8883576964089
6048579496996
9516126771684
441250647289
4177723426704
1939627217025
8178513236100
61210718464
67108864
5101992220081
5330506646521
7896066280036
8974038748900
7625318914404
8272940617984
1975121052100
7675520643729
6577368071044
5994691940836
4705164001321
1787700028401
1196267187600
9971252437441
17179869184
7465091701824
5731547224225
3546528867729
2988991476900
9566172683929
3584649262489
3625520646400
2204414264529
4555607865769
5186582643649
493157871504
81162312100
5782687897284
6251595101761
7467867907600
8916100448256
4899161694025
4225614696900
4204660977729
7420328544784
502157894161
9622596324961
9251476557376
4197458512900
3020164331044
7366523369956
3607260719841
3570467226624
5735459793924
7443217107076
5002017237361
6131066257801
9281259738256
6567923337616
2258786561476
7080319626769
7116089760000
9171376151184
2369472197481
9763106412409
6757072716969
2522509474081
8410609011025
800627669284
8533105637904
8162826128356
82106890849
4747561509943
787899443769
1652718507561
678223072849
1689165503041
3348336383716
3693334458025
5339163499569
9744255453241
8611965198225
9948826238976
397452071844
2855315893824
3907410098089
181246032900
2541865828329
9159320914969
6906620522025
8505015664896
1302428737600
7121730183649
5649758194084
7256617703721
1840263172969
9926437890625
4707880155225
3957358254721
5599399353025
525107477449
9948826238976
3277066611289
9971252437441
3712303906756
9014958210064
7396033789225
9001326048841
9066325749156
844421317776
1488931967524
6078645871081
34359738368
3862840398921
549755813888
2676296411721
7425799401024
4370620903609
8198418170944
3231265095184
6330940370496
4398046511104
9316785580281
687164734116
3570467226624
1202608323225
4194304
7246783240225
5215947984025
3680400522969
7057311033600
3703677156036
5517288929881
5514794689600
4485805392784
8392863937936
703775021569
1183115219521
7799139777636
9276611337009
5207158886400
8218421834841
5218451378449
9647447209156
549755813888
4831247960100
3913595714961
2015993900449
7557220921600
4744276434496
800289478921
1131164127844
3349244048836
1802000172996
7785852218596
3312527401225
7888132850724
9860862320401
4551822250000
9596649839716
8788746434724
3269688499984
9885817565584
734296461921
6569732796201
4461807065401
437233047696
1020112120036
2238779025025
8695008612900
1969730847841
240458813956
67108864
3618083319876
4168489889344
730961731369
9311676662016
8185612824601
4564589520100
1712235058576
9538980498576
2997752885604
308284794756
4126423449600
8149260705481
7013302213696
222747185521
3870367655625
9690295829776
2883920600521
4681480850929
7813741224249
1020237364624
7075977725041
5610607043584
2541865828329
2366413039225
750158657689
6338390323456
7743458247849
2161761505849
8889789480625
7629848279524
5980719693601
9330080212324
6825182375025
8916100448256
2323612435600
9029099483716
1126415000929
8683394497600
4535191900801
8232853797025
983129757841
10460353203
5174109960889
17179869184
3642528748681
8890511036416
2541865828329
2015993900449
9229516912144
4398046511104
1342615816369
4451673790201
1474140796164
9006115038361
2100212522521
8129683587600
8453480655169
2082378872025
9532619200036
1133903392801
9433215393316
7403568902500
4484289052996
678223072849
2268554093584
9670912016481
7136324532100
6211384830225
757925206921
404398061929
8369373782169
640800250000
9867885059761
2663006224384
10460353203
4440932451904
5260766100496
9452531803009
7485778080225
4344131410564
3953185780644
7191858151696
3342256737856
6747567321664
8478340474081
5971816312900
8858260496089
6214859533444
6809422403169
4478475970081
6005396249281
9605753469225
4067199892900
4747796955136
6381979482564
8637262522084
6636244840281
2263634593444
8841957972849
8123052909409
2502078585616
6081955010244
2477702661184
2161082283844
7201252755225
1125152375824
6668836243281
6072986421649
8509005680400
5162147585296
1819415206449
4380226224201
3578937508864
8652839948041
8850851101444
9993716528656
8897590991689
7589049761329
31381059609
1586342769001
1305349665361
8482982453136
7263644863225
3296421516025
6093926713744
8236871300025
740968032025
4723406755600
5063184023104
9239660581761
6394005077769
3299385249241
8859873714916
4412978302681
9889999756569
9207176754889
8172400105081
4940124124321
7000395222276
5978298843136
2645310326481
6131066257801
7500893978176
3062416000576
4314120086116
6764238664225
4247906492025
6835024614544
17179869184
1892462446224
5696174595556
429705159361
6207243376356
6101058081024
8196179232609
9566284029481
3833403736464
4747561509943
549755813888
1730056179856
8555806350961
1030103203600
6664002849729
3993602560000
1244295630400
6835908306249
4188792595716
7544965176100
5299231624036
5325566982961
4565952702481
2810125853649
3206792725504
9354997256836
1996133819716
2955605685551
6586855521169
4720746961984
9654020696464
8313943658881
1186726996900
1589024119225
7188887064100
768557302276
2819967884176
3687283252900
9868858892676
34359738368
8582105007529
8911299632400
5380994171809
4099414139401
1054778296576
5565041413156
7143523071169
6978626440681
3702153113604
7395120043609
2015993900449
9230726080521
5743729905664
8513113340176
8288761918441
9904087349776
1226534100100
6402585090889
5985327999049
7558183116225
4934244771856
2826530950441
17179869184
1344412422144
678223072849
5073269721664
158862030625
5916973545289
535746410809
6977321497444
9993716528656
716487759936
4878293846596
6325652557225
8666776835721
4401398398401
8575544130409
3165762589081
7692801488100
9948826238976
3574084775625
8802115850896
3397205608801
3308731896064
5812033785856
4976838959689
6564530633956
4815707358784
8482365002500
9852103105636
6814449202500
611600638401
33725486025
1696110313104
4212715200100
9477266919289
1178058427456
1029543032896
108452979684
5830491158881
197155536484
2932837777809
9702602010000
4366373830569
8357227646769
1680971889529
3779365395481
1238651024809
2061731272129
9031377300625
7075238244624
9458072858404
2667642757264
7902030213025
9803561772096
820604080384
67108864
737236890625
1774498402609
6445175400225
1426471922500
9667323629824
3570467226624
1178258146576
3831622247209
6768645162244
9200629828516
2085852285504
9566302587136
1055567198464
8077282307136
6715758224484
4894519070736
5241956779024
9014153560164
2936332426329
1988308685476
5724061035001
1205674273024
8554191810025
6667276559449
549755813888
31381059609
5922077995024
7451010959716
7661984544841
3296178229444
1300069722436
2699991217225
9860259411025
6080736787225
8699603341081
8023549112569
4372799583376
908106078916
1801224357409
5182324766784
256784414121
3037801499041
2477198983744
9120164441521
860106001561
9537053356944
5279898626809
9891264021444
5678279131396
4368112540009
131629644864
3834496326969
246297808656
9286019006209
395215910244
5465781085801
6115709216016
7235260744336
928692633969
1234649877904
2868924564100
7494475660816
7090413305089
6208180190884
7393977940969
8081847293881
1617312453696
6618543458409
9187512650281
1399924377856
7799793281721
6188337843769
8786226720649
7753200784849
6330381800625
5219927200656
4593777756100
6453860798025
5562432627361
3359478420544
8783701440361
3209959556496
1648974447376
9659483736841
2668165436304
9065235787609
7164005552356
470911612900
2898904648689
392199082564
6319004420169
6034210470369
2183065350400
9349529290000
6978230189956
9883415564100
5614516033009
8982638381025
6561353972196
416920741636
78364164096
8848923381796
732376524100
9310205895169
6905532554244
5334972779536
3981760839225
8864767845376
4369935212721
89529017796
8812900634409
1819196698176
851838548401
7461523833241
2225046572281
1505160922500
4194304
6855824799769
4403454630481
8248987131025
5396751794281
7742985194884
3965956743841
3592325087649
680304937636
4126797228304
1438524378225
4470416720896
8678580159249
5537281978449
695891308401
8885162678401
1393004225536
4508029196944
7202632147984
488826103921
8010966033225
936352328409
7693733442564
6789135726409
7713284198400
5201004086041
2320351492900
8643864602025
9993716528656
3035703374929
148621815225
2406097345600
7537215669201
4711942831401
4138010324100
8345338768900
747680149225
2614226558449
9475025891409
4747561509943
6853384702609
4534991720704
7362816329401
9926437890625
843225302529
416671541001
950293528900
12005146624
31381059609
4405847178121
4587217284841
1058020017201
3142816294401
755663365521
9971252437441
2511952387396
3553100591089
711735198736
2085886947600
513145860964
7235707265329
9526673613961
8577078682225
1513620865849
5491762589401
9042018930025
2328080898025
601699630249
5133323987856
3577227518736
8739946195600
7317804060736
154805263209
8212437090225
6714628387600
230282894884
2240518010896
4099138784689
4753437736644
7509973027489
6599200969881
8337026786881
5822018848996
78244956729
6823092531025
3662381650225
5398689426064
5989942974096
4949063173201
9880875544996
31381059609
5647657190400
507529432921
8333279374564
2883563987236
9797707556641
3909094442449
9698658947289
7089923361481
8661172482169
5198067125329
2820192911649
9870385708089
1218511315044
4855222750849
217990941025
2482275874576
7481658208644
7276436115169
8832789944001
1384126367121
9409813921764
6540381711889
9825629391396
1801602848644
2465151206400
5567900929600
7970621986441
2541865828329
5611905150916
2046830955625
4808858653921
765430762321
9971252437441
8442191747025
8605891616400
8550986578849
5205456713209
9926437890625
3783332316241
9685390482496
1466959414761
9051415222249
6273146390625
1313423726209
9294114390625
259634068849
5418541106176
3167268021124
6287215234624
7313195221264
51273714969
7123187344900
8628453880929
9511981222500
6921234918976
8215199891089
3513529062481
9087481557025
9948826238976
7585826960644
8683435752289
8831000890000
4831300712484
2827492695225
7202820013249
3745103541529
31381059609
78364164096
8342669703424
752755788225
1274155576225
6834820693801
8895520991296
2703045457000
4185620882641
3798296962084
4475374098064
1887661662084
4810670168976
7205906721924
7916705104896
8313586122241
1653729128676
2075829719076
105169841401
3103819438756
488988322729
5332529337529
4431925985796
1222209847296
9290675859721
2621128620100
870483402009
8916100448256
5005412849284
9451394273344
9476294132881
1864707684849
8260973904481
6777951902500
6891780048400
6967762681104
8069519676100
4137937092864
6018523879824
2627579402361
5660516505856
4176672903481
737599274896
678223072849
34359738368
6851301015001
9021588931216
3297736145089
6575998625641
5989218554944
6835014156996
3538367913025
5133931209124
2685563835361
9861063294289
5802124737600
4747561509943
3018051460516
9993716528656
2103198958081
8018321008896
3384459296100
4044503099025
984361622500
8030881522161
2203692746256
7355464713216
9787762531600
4194304
6664679212816
1293339837001
6751230445969
7164524815569
5115060722500
9849667542724
8794546113600
81210750625
9294114390625
2339174478096
2792775745600
1438586746921
6996390014761
4620294363169
5293768070761
2230581081169
5020740971401
8959312090521
4542226562500
7372218723489
6131066257801
5989859761561
1503772448656
4999941963025
6637491726889
1196724414601
1560143389249
1618627696009
78364164096
488008427776
224658936324
841842950400
8785586474401
6131066257801
6514592616900
3605798423236
1282144053124
3506563346724
8988513667225
6594593184036
2968081187344
4477337504784
726353925696
4719643280676
107289002500
9796286529604
1707828171921
9206691268009
1629646283776
5766385768900
361009907281
3903777736804
8272152538225
9499365066816
4389083660196
4800857859396
585286201600
1598833802500
9532427776369
5083708165264
402748890625
1086189177616
3875823001521
5283460822084
7017349344784
7612754210884
9396769122225
1021486190596
660065253136
4721142406761
9820545750625
4307538362521
7961330625889
5647448062096
618410804881
1809974694609
6779909838276
6883555064409
9229121974809
6906504888529
7974021516561
9726620275009
4120165172761
5767437599401
222699991921
3338520974244
6619407898041
682147150084
2700605795904
1688050562500
8092386362944
2084145533649
5017573120036
663990300736
3394445129604
5720090172241
4337056153600
9474065532009
4348597038241
5839423920100
2511911179801
9629819208025
5181068230416
4680901004521
8550986578849
9926437890625
1405365201361
4941924625936
8896260675600
3984930220441
9690015668641
3827031438400
2932604875225
87008480784
7125162490000
6857092146025
7420551916761
5357752761124
3663097422084
3551547548025
9294114390625
4629477230884
8724757212900
1235418912036
9720352591504
9971252437441
8825735822596
2349368545225
4501284154129
9864335688516
8487398462596
6673738556164
34359738368
7703999769664
9693720348676
214587591696
80909526916
6131066257801
8140139666649
597114743824
7790362018884
1260872968996
5428140446569
1346052438025
1246748663241
4773320452849
3631833513169
624716352100
3213070590016
6461453879721
7687338486025
9847539810241
9294114390625
4695160916224
2470442071696
3130893141489
7330664550400
9632295716836
629026644544
3942543821056
9294114390625
1987857487396
1298667647281
9993716528656
6745354341124
5260000053961
1109598890625
34100423569
9464587672849
6610910026561
5718119605081
5545031234521
8589934592
3573411780409
1426696469136
3823835544369
31381059609
6637826654404
7093491816321
4721820350625
4671961206784
9345615843600
2193121084561
2247672602176
3552655752801
4473051571681
4584411983376
6100346732544
9255668389969
9948826238976
1531017699649
67108864
7679117138884
177285628809
3677404534336
2646894717184
7334195581584
1229475139489
3581230747396
2939856589201
7795152320400
8123999169169
8793804739225
4542333125625
9637882996036
8916100448256
2556775416064
1119818986225
4982042738401
5890581410704
4189897861776
8742837735241
17179869184
6120205949025
4117648581601
9047107481281
196946901369
462599941609
4437965795904
31381059609
2756015015625
2324191720900
8876586009600
8898348660100
6936670667536
517169531025
9310437792601
5507751859600
6099798429729
8178724863409
1366804162816
9748032929856
1691997389824
6831788385361
5657561944969
7450508711844
34359738368
6326995683904
2899555084864
9968524346209
7293078324900
8033035416121
9993716528656
2617817213089
2627628032016
6092411094961
1222059499024
1976352365584
9495703880100
6651663962724
8198418170944
1167188533225
9381417668100
5391033859600
5161565960464
9708913823569
1757599805025
6667421158225
8712621441225
2214483276996
3163442860449
17179869184
7613686822681
10460353203
4192755854884
3121115822224
316549141129
67108864
4611326760000
4097001051025
623416047489
2056829247225
8287719745600
9528778744384
1738413243121
2683813915225
3818205884529
1592462277184
7910966270736
3339924382116
6862639472896
5096721638464
2881923850129
78364164096
3774875953216
689052728464
3761772741841
2564629290916
97066518025
2613217737025
6599421896356
7827069336100
7431752063376
8990480518569
678223072849
1202682895561
6186223532944
7121447308816
9993716528656
2994062672896
1275359145124
9957331714576
5434768525081
8758385734849
2892305659684
216672561361
6454313005156
8569899098721
7503161856100
2926802424100
5739220374889
8919952783641
7109651630449
6454800796900
3282568509796
257636441241
4262635098225
4253588630929
4404885883524
3688477732681
1308120600361
5633915246569
3555532614544
9458558777529
8677189729849
1562927529241
5005028044864
8285860119289
9866578314321
5200817080900
10000000000000
